app/build/outputs/logs/manifest-merger-debug-report.txt
-- Merging decision tree log ---
manifest
ADDED from src/main/AndroidManifest.xml:18:1-443:12
	coreApp
		ADDED from src/main/AndroidManifest.xml:20:5-19
	android:sharedUserId
		ADDED from src/main/AndroidManifest.xml:22:5-48
	xmlns:android
		ADDED from src/main/AndroidManifest.xml:18:11-69
	package
		ADDED from src/main/AndroidManifest.xml:21:5-35
		INJECTED from src/main/AndroidManifest.xml
		INJECTED from src/main/AndroidManifest.xml
	xmlns:androidprv
		ADDED from src/main/AndroidManifest.xml:19:5-70
uses-permission#android.permission.RECEIVE_BOOT_COMPLETED
ADDED from src/main/AndroidManifest.xml:24:5-81
	android:name
		ADDED from src/main/AndroidManifest.xml:24:22-78
uses-permission#android.permission.READ_EXTERNAL_STORAGE
ADDED from src/main/AndroidManifest.xml:25:5-80
	android:name
		ADDED from src/main/AndroidManifest.xml:25:22-77
uses-permission#android.permission.WRITE_EXTERNAL_STORAGE
ADDED from src/main/AndroidManifest.xml:26:5-81
	android:name
		ADDED from src/main/AndroidManifest.xml:26:22-78
uses-permission#android.permission.WRITE_MEDIA_STORAGE
ADDED from src/main/AndroidManifest.xml:28:5-78
	android:name
		ADDED from src/main/AndroidManifest.xml:28:22-75
uses-permission#android.permission.WAKE_LOCK
ADDED from src/main/AndroidManifest.xml:29:5-68
	android:name
		ADDED from src/main/AndroidManifest.xml:29:22-65
uses-permission#android.permission.INJECT_EVENTS
ADDED from src/main/AndroidManifest.xml:31:5-72
	android:name
		ADDED from src/main/AndroidManifest.xml:31:22-69
uses-permission#android.permission.DUMP
ADDED from src/main/AndroidManifest.xml:32:5-63
	android:name
		ADDED from src/main/AndroidManifest.xml:32:22-60
uses-permission#android.permission.WRITE_SETTINGS
ADDED from src/main/AndroidManifest.xml:33:5-73
	android:name
		ADDED from src/main/AndroidManifest.xml:33:22-70
uses-permission#android.permission.STATUS_BAR_SERVICE
ADDED from src/main/AndroidManifest.xml:35:5-77
	android:name
		ADDED from src/main/AndroidManifest.xml:35:22-74
uses-permission#android.permission.STATUS_BAR
ADDED from src/main/AndroidManifest.xml:36:5-69
	android:name
		ADDED from src/main/AndroidManifest.xml:36:22-66
uses-permission#android.permission.EXPAND_STATUS_BAR
ADDED from src/main/AndroidManifest.xml:37:5-76
	android:name
		ADDED from src/main/AndroidManifest.xml:37:22-73
uses-permission#android.permission.REMOTE_AUDIO_PLAYBACK
ADDED from src/main/AndroidManifest.xml:38:5-80
	android:name
		ADDED from src/main/AndroidManifest.xml:38:22-77
uses-permission#android.permission.MANAGE_USERS
ADDED from src/main/AndroidManifest.xml:40:5-71
	android:name
		ADDED from src/main/AndroidManifest.xml:40:22-68
uses-permission#android.permission.READ_PROFILE
ADDED from src/main/AndroidManifest.xml:41:5-71
	android:name
		ADDED from src/main/AndroidManifest.xml:41:22-68
uses-permission#android.permission.READ_CONTACTS
ADDED from src/main/AndroidManifest.xml:42:5-72
	android:name
		ADDED from src/main/AndroidManifest.xml:42:22-69
uses-permission#android.permission.CONFIGURE_WIFI_DISPLAY
ADDED from src/main/AndroidManifest.xml:43:5-81
	android:name
		ADDED from src/main/AndroidManifest.xml:43:22-78
uses-permission#android.permission.WRITE_SECURE_SETTINGS
ADDED from src/main/AndroidManifest.xml:44:5-80
	android:name
		ADDED from src/main/AndroidManifest.xml:44:22-77
uses-permission#android.permission.GET_APP_OPS_STATS
ADDED from src/main/AndroidManifest.xml:45:5-76
	android:name
		ADDED from src/main/AndroidManifest.xml:45:22-73
uses-permission#android.permission.BLUETOOTH
ADDED from src/main/AndroidManifest.xml:48:5-68
	android:name
		ADDED from src/main/AndroidManifest.xml:48:22-65
uses-permission#android.permission.BLUETOOTH_ADMIN
ADDED from src/main/AndroidManifest.xml:49:5-74
	android:name
		ADDED from src/main/AndroidManifest.xml:49:22-71
uses-permission#android.permission.BLUETOOTH_PRIVILEGED
ADDED from src/main/AndroidManifest.xml:50:5-79
	android:name
		ADDED from src/main/AndroidManifest.xml:50:22-76
uses-permission#android.permission.ACCESS_COARSE_LOCATION
ADDED from src/main/AndroidManifest.xml:51:5-81
	android:name
		ADDED from src/main/AndroidManifest.xml:51:22-78
uses-permission#android.permission.ACCESS_NETWORK_STATE
ADDED from src/main/AndroidManifest.xml:52:5-79
	android:name
		ADDED from src/main/AndroidManifest.xml:52:22-76
uses-permission#android.permission.CHANGE_NETWORK_STATE
ADDED from src/main/AndroidManifest.xml:53:5-79
	android:name
		ADDED from src/main/AndroidManifest.xml:53:22-76
uses-permission#android.permission.READ_PRIVILEGED_PHONE_STATE
ADDED from src/main/AndroidManifest.xml:54:5-86
	android:name
		ADDED from src/main/AndroidManifest.xml:54:22-83
uses-permission#android.permission.ACCESS_WIFI_STATE
ADDED from src/main/AndroidManifest.xml:55:5-76
	android:name
		ADDED from src/main/AndroidManifest.xml:55:22-73
uses-permission#android.permission.CHANGE_WIFI_STATE
ADDED from src/main/AndroidManifest.xml:56:5-76
	android:name
		ADDED from src/main/AndroidManifest.xml:56:22-73
uses-permission#android.permission.OVERRIDE_WIFI_CONFIG
ADDED from src/main/AndroidManifest.xml:57:5-79
	android:name
		ADDED from src/main/AndroidManifest.xml:57:22-76
uses-permission#android.permission.MANAGE_NETWORK_POLICY
ADDED from src/main/AndroidManifest.xml:58:5-80
	android:name
		ADDED from src/main/AndroidManifest.xml:58:22-77
uses-permission#android.permission.CONNECTIVITY_INTERNAL
ADDED from src/main/AndroidManifest.xml:59:5-80
	android:name
		ADDED from src/main/AndroidManifest.xml:59:22-77
uses-permission#android.permission.READ_NETWORK_USAGE_HISTORY
ADDED from src/main/AndroidManifest.xml:60:5-85
	android:name
		ADDED from src/main/AndroidManifest.xml:60:22-82
uses-permission#android.permission.CONTROL_VPN
ADDED from src/main/AndroidManifest.xml:61:5-70
	android:name
		ADDED from src/main/AndroidManifest.xml:61:22-67
uses-permission#android.permission.PEERS_MAC_ADDRESS
ADDED from src/main/AndroidManifest.xml:62:5-76
	android:name
		ADDED from src/main/AndroidManifest.xml:62:22-73
uses-permission#android.permission.MANAGE_USB
ADDED from src/main/AndroidManifest.xml:64:5-69
	android:name
		ADDED from src/main/AndroidManifest.xml:64:22-66
uses-permission#android.permission.DEVICE_POWER
ADDED from src/main/AndroidManifest.xml:65:5-71
	android:name
		ADDED from src/main/AndroidManifest.xml:65:22-68
uses-permission#android.permission.MOUNT_UNMOUNT_FILESYSTEMS
ADDED from src/main/AndroidManifest.xml:66:5-84
	android:name
		ADDED from src/main/AndroidManifest.xml:66:22-81
uses-permission#android.permission.MASTER_CLEAR
ADDED from src/main/AndroidManifest.xml:67:5-71
	android:name
		ADDED from src/main/AndroidManifest.xml:67:22-68
uses-permission#android.permission.VIBRATE
ADDED from src/main/AndroidManifest.xml:68:5-66
	android:name
		ADDED from src/main/AndroidManifest.xml:68:22-63
uses-permission#android.permission.REAL_GET_TASKS
ADDED from src/main/AndroidManifest.xml:71:5-73
	android:name
		ADDED from src/main/AndroidManifest.xml:71:22-70
uses-permission#android.permission.GET_DETAILED_TASKS
ADDED from src/main/AndroidManifest.xml:72:5-77
	android:name
		ADDED from src/main/AndroidManifest.xml:72:22-74
uses-permission#android.permission.REORDER_TASKS
ADDED from src/main/AndroidManifest.xml:73:5-72
	android:name
		ADDED from src/main/AndroidManifest.xml:73:22-69
uses-permission#android.permission.REMOVE_TASKS
ADDED from src/main/AndroidManifest.xml:74:5-71
	android:name
		ADDED from src/main/AndroidManifest.xml:74:22-68
uses-permission#android.permission.STOP_APP_SWITCHES
ADDED from src/main/AndroidManifest.xml:75:5-76
	android:name
		ADDED from src/main/AndroidManifest.xml:75:22-73
uses-permission#android.permission.SET_SCREEN_COMPATIBILITY
ADDED from src/main/AndroidManifest.xml:76:5-83
	android:name
		ADDED from src/main/AndroidManifest.xml:76:22-80
uses-permission#android.permission.START_ANY_ACTIVITY
ADDED from src/main/AndroidManifest.xml:77:5-77
	android:name
		ADDED from src/main/AndroidManifest.xml:77:22-74
uses-permission#android.permission.INTERACT_ACROSS_USERS
ADDED from src/main/AndroidManifest.xml:78:5-80
	android:name
		ADDED from src/main/AndroidManifest.xml:78:22-77
uses-permission#android.permission.INTERACT_ACROSS_USERS_FULL
ADDED from src/main/AndroidManifest.xml:79:5-85
	android:name
		ADDED from src/main/AndroidManifest.xml:79:22-82
uses-permission#android.permission.GET_TOP_ACTIVITY_INFO
ADDED from src/main/AndroidManifest.xml:80:5-80
	android:name
		ADDED from src/main/AndroidManifest.xml:80:22-77
uses-permission#android.permission.MANAGE_ACTIVITY_STACKS
ADDED from src/main/AndroidManifest.xml:81:5-81
	android:name
		ADDED from src/main/AndroidManifest.xml:81:22-78
uses-permission#android.permission.START_TASKS_FROM_RECENTS
ADDED from src/main/AndroidManifest.xml:82:5-83
	android:name
		ADDED from src/main/AndroidManifest.xml:82:22-80
uses-permission#android.permission.INTERNAL_SYSTEM_WINDOW
ADDED from src/main/AndroidManifest.xml:85:5-81
	android:name
		ADDED from src/main/AndroidManifest.xml:85:22-78
uses-permission#android.permission.SYSTEM_ALERT_WINDOW
ADDED from src/main/AndroidManifest.xml:86:5-78
	android:name
		ADDED from src/main/AndroidManifest.xml:86:22-75
uses-permission#android.permission.READ_FRAME_BUFFER
ADDED from src/main/AndroidManifest.xml:87:5-76
	android:name
		ADDED from src/main/AndroidManifest.xml:87:22-73
uses-permission#android.permission.MANAGE_APP_TOKENS
ADDED from src/main/AndroidManifest.xml:88:5-76
	android:name
		ADDED from src/main/AndroidManifest.xml:88:22-73
uses-permission#android.permission.SET_ORIENTATION
ADDED from src/main/AndroidManifest.xml:89:5-74
	android:name
		ADDED from src/main/AndroidManifest.xml:89:22-71
uses-permission#android.permission.DISABLE_KEYGUARD
ADDED from src/main/AndroidManifest.xml:90:5-75
	android:name
		ADDED from src/main/AndroidManifest.xml:90:22-72
uses-permission#android.permission.READ_DREAM_STATE
ADDED from src/main/AndroidManifest.xml:93:5-75
	android:name
		ADDED from src/main/AndroidManifest.xml:93:22-72
uses-permission#android.permission.WRITE_DREAM_STATE
ADDED from src/main/AndroidManifest.xml:94:5-76
	android:name
		ADDED from src/main/AndroidManifest.xml:94:22-73
uses-permission#com.android.alarm.permission.SET_ALARM
ADDED from src/main/AndroidManifest.xml:97:5-78
	android:name
		ADDED from src/main/AndroidManifest.xml:97:22-75
uses-permission#android.permission.CONTROL_KEYGUARD
ADDED from src/main/AndroidManifest.xml:100:5-75
	android:name
		ADDED from src/main/AndroidManifest.xml:100:22-72
uses-permission#android.permission.MODIFY_PHONE_STATE
ADDED from src/main/AndroidManifest.xml:101:5-77
	android:name
		ADDED from src/main/AndroidManifest.xml:101:22-74
uses-permission#android.permission.GET_ACCOUNTS
ADDED from src/main/AndroidManifest.xml:102:5-71
	android:name
		ADDED from src/main/AndroidManifest.xml:102:22-68
uses-permission#android.permission.MANAGE_ACCOUNTS
ADDED from src/main/AndroidManifest.xml:103:5-74
	android:name
		ADDED from src/main/AndroidManifest.xml:103:22-71
uses-permission#android.permission.BIND_DEVICE_ADMIN
ADDED from src/main/AndroidManifest.xml:104:5-76
	android:name
		ADDED from src/main/AndroidManifest.xml:104:22-73
uses-permission#android.permission.CHANGE_COMPONENT_ENABLED_STATE
ADDED from src/main/AndroidManifest.xml:105:5-89
	android:name
		ADDED from src/main/AndroidManifest.xml:105:22-86
uses-permission#android.permission.MEDIA_CONTENT_CONTROL
ADDED from src/main/AndroidManifest.xml:106:5-80
	android:name
		ADDED from src/main/AndroidManifest.xml:106:22-77
uses-permission#android.permission.ACCESS_KEYGUARD_SECURE_STORAGE
ADDED from src/main/AndroidManifest.xml:107:5-89
	android:name
		ADDED from src/main/AndroidManifest.xml:107:22-86
uses-permission#android.permission.TRUST_LISTENER
ADDED from src/main/AndroidManifest.xml:108:5-73
	android:name
		ADDED from src/main/AndroidManifest.xml:108:22-70
uses-permission#android.permission.USE_FINGERPRINT
ADDED from src/main/AndroidManifest.xml:109:5-74
	android:name
		ADDED from src/main/AndroidManifest.xml:109:22-71
uses-permission#android.permission.RESET_FINGERPRINT_LOCKOUT
ADDED from src/main/AndroidManifest.xml:110:5-84
	android:name
		ADDED from src/main/AndroidManifest.xml:110:22-81
uses-permission#android.permission.SET_WALLPAPER
ADDED from src/main/AndroidManifest.xml:113:5-72
	android:name
		ADDED from src/main/AndroidManifest.xml:113:22-69
uses-permission#android.permission.BIND_APPWIDGET
ADDED from src/main/AndroidManifest.xml:116:5-73
	android:name
		ADDED from src/main/AndroidManifest.xml:116:22-70
uses-permission#android.permission.CAMERA
ADDED from src/main/AndroidManifest.xml:121:5-65
	android:name
		ADDED from src/main/AndroidManifest.xml:121:22-62
uses-permission#android.permission.MANAGE_MEDIA_PROJECTION
ADDED from src/main/AndroidManifest.xml:124:5-82
	android:name
		ADDED from src/main/AndroidManifest.xml:124:22-79
uses-permission#android.permission.ACCESS_VOICE_INTERACTION_SERVICE
ADDED from src/main/AndroidManifest.xml:127:5-91
	android:name
		ADDED from src/main/AndroidManifest.xml:127:22-88
uses-permission#android.permission.TABLET_MODE
ADDED from src/main/AndroidManifest.xml:130:5-70
	android:name
		ADDED from src/main/AndroidManifest.xml:130:22-67
permission#com.android.systemui.permission.SELF
ADDED from src/main/AndroidManifest.xml:133:5-135:47
	android:protectionLevel
		ADDED from src/main/AndroidManifest.xml:135:9-44
	android:name
		ADDED from src/main/AndroidManifest.xml:134:9-60
uses-permission#com.android.systemui.permission.SELF
ADDED from src/main/AndroidManifest.xml:136:5-76
	android:name
		ADDED from src/main/AndroidManifest.xml:136:22-73
application
ADDED from src/main/AndroidManifest.xml:138:5-442:19
	android:supportsRtl
		ADDED from src/main/AndroidManifest.xml:147:9-35
	android:label
		ADDED from src/main/AndroidManifest.xml:144:9-42
	android:allowBackup
		ADDED from src/main/AndroidManifest.xml:140:9-36
	android:icon
		ADDED from src/main/AndroidManifest.xml:143:9-38
	android:theme
		ADDED from src/main/AndroidManifest.xml:148:9-46
	android:hardwareAccelerated
		ADDED from src/main/AndroidManifest.xml:142:9-43
	android:process
		ADDED from src/main/AndroidManifest.xml:146:9-47
	android:allowClearUserData
		ADDED from src/main/AndroidManifest.xml:141:9-43
	android:persistent
		ADDED from src/main/AndroidManifest.xml:145:9-34
	android:name
		ADDED from src/main/AndroidManifest.xml:139:9-44
service#com.android.systemui.SystemUIService
ADDED from src/main/AndroidManifest.xml:157:9-159:39
	android:exported
		ADDED from src/main/AndroidManifest.xml:159:13-36
	android:name
		ADDED from src/main/AndroidManifest.xml:158:13-43
service#com.android.systemui.screenshot.TakeScreenshotService
ADDED from src/main/AndroidManifest.xml:163:9-166:45
	android:process
		ADDED from src/main/AndroidManifest.xml:166:13-42
	android:exported
		ADDED from src/main/AndroidManifest.xml:165:13-37
	android:name
		ADDED from src/main/AndroidManifest.xml:164:13-61
service#com.android.systemui.LoadAverageService
ADDED from src/main/AndroidManifest.xml:168:9-170:39
	android:exported
		ADDED from src/main/AndroidManifest.xml:170:13-36
	android:name
		ADDED from src/main/AndroidManifest.xml:169:13-47
service#com.android.systemui.ImageWallpaper
ADDED from src/main/AndroidManifest.xml:172:9-175:70
	android:exported
		ADDED from src/main/AndroidManifest.xml:174:13-36
	android:permission
		ADDED from src/main/AndroidManifest.xml:175:13-67
	android:name
		ADDED from src/main/AndroidManifest.xml:173:13-43
receiver#com.android.systemui.BootReceiver
ADDED from src/main/AndroidManifest.xml:177:9-183:20
	androidprv:primaryUserOnly
		ADDED from src/main/AndroidManifest.xml:179:13-46
	android:name
		ADDED from src/main/AndroidManifest.xml:178:13-41
intent-filter#android.intent.action.BOOT_COMPLETED
ADDED from src/main/AndroidManifest.xml:180:13-182:29
	android:priority
		ADDED from src/main/AndroidManifest.xml:180:28-51
action#android.intent.action.BOOT_COMPLETED
ADDED from src/main/AndroidManifest.xml:181:17-79
	android:name
		ADDED from src/main/AndroidManifest.xml:181:25-76
receiver#com.android.systemui.qs.tiles.HotspotTile$APChangedReceiver
ADDED from src/main/AndroidManifest.xml:185:9-191:20
	androidprv:primaryUserOnly
		ADDED from src/main/AndroidManifest.xml:187:13-46
	android:name
		ADDED from src/main/AndroidManifest.xml:186:13-67
intent-filter#android.net.wifi.WIFI_AP_STATE_CHANGED
ADDED from src/main/AndroidManifest.xml:188:13-190:29
action#android.net.wifi.WIFI_AP_STATE_CHANGED
ADDED from src/main/AndroidManifest.xml:189:17-81
	android:name
		ADDED from src/main/AndroidManifest.xml:189:25-78
activity#com.android.systemui.usb.UsbStorageActivity
ADDED from src/main/AndroidManifest.xml:193:9-198:20
	android:label
		ADDED from src/main/AndroidManifest.xml:196:13-72
	android:excludeFromRecents
		ADDED from src/main/AndroidManifest.xml:195:13-46
	android:name
		ADDED from src/main/AndroidManifest.xml:194:13-51
activity#com.android.systemui.tuner.TunerActivity
ADDED from src/main/AndroidManifest.xml:200:9-215:20
	android:label
		ADDED from src/main/AndroidManifest.xml:205:13-52
	android:icon
		ADDED from src/main/AndroidManifest.xml:204:13-43
	android:theme
		ADDED from src/main/AndroidManifest.xml:207:13-67
	android:process
		ADDED from src/main/AndroidManifest.xml:206:13-37
	android:exported
		ADDED from src/main/AndroidManifest.xml:203:13-36
	android:enabled
		ADDED from src/main/AndroidManifest.xml:202:13-36
	android:name
		ADDED from src/main/AndroidManifest.xml:201:13-48
intent-filter#android.intent.category.DEFAULT+com.android.settings.action.EXTRA_SETTINGS
ADDED from src/main/AndroidManifest.xml:208:13-211:29
action#com.android.settings.action.EXTRA_SETTINGS
ADDED from src/main/AndroidManifest.xml:209:17-85
	android:name
		ADDED from src/main/AndroidManifest.xml:209:25-82
category#android.intent.category.DEFAULT
ADDED from src/main/AndroidManifest.xml:210:17-76
	android:name
		ADDED from src/main/AndroidManifest.xml:210:27-73
meta-data#com.android.settings.category
ADDED from src/main/AndroidManifest.xml:212:13-214:72
	android:name
		ADDED from src/main/AndroidManifest.xml:213:17-61
	android:value
		ADDED from src/main/AndroidManifest.xml:214:17-69
activity#com.android.systemui.recents.RecentsActivity
ADDED from src/main/AndroidManifest.xml:218:9-231:20
	android:screenOrientation
		ADDED from src/main/AndroidManifest.xml:225:13-47
	android:label
		ADDED from src/main/AndroidManifest.xml:222:13-67
	android:theme
		ADDED from src/main/AndroidManifest.xml:227:13-65
	android:stateNotNeeded
		ADDED from src/main/AndroidManifest.xml:226:13-42
	android:exported
		ADDED from src/main/AndroidManifest.xml:221:13-37
	android:resumeWhilePausing
		ADDED from src/main/AndroidManifest.xml:224:13-46
	android:excludeFromRecents
		ADDED from src/main/AndroidManifest.xml:220:13-46
	android:name
		ADDED from src/main/AndroidManifest.xml:219:13-52
	android:launchMode
		ADDED from src/main/AndroidManifest.xml:223:13-48
intent-filter#com.android.systemui.recents.TOGGLE_RECENTS
ADDED from src/main/AndroidManifest.xml:228:13-230:29
action#com.android.systemui.recents.TOGGLE_RECENTS
ADDED from src/main/AndroidManifest.xml:229:17-86
	android:name
		ADDED from src/main/AndroidManifest.xml:229:25-83
receiver#com.android.systemui.recents.RecentsUserEventProxyReceiver
ADDED from src/main/AndroidManifest.xml:233:9-243:20
	android:exported
		ADDED from src/main/AndroidManifest.xml:235:13-37
	android:name
		ADDED from src/main/AndroidManifest.xml:234:13-66
intent-filter#com.android.systemui.recents.action.CONFIG_CHANGED_FOR_USER+com.android.systemui.recents.action.HIDE_RECENTS_FOR_USER+com.android.systemui.recents.action.PRELOAD_RECENTS_FOR_USER+com.android.systemui.recents.action.SHOW_RECENTS_FOR_USER+com.android.systemui.recents.action.TOGGLE_RECENTS_FOR_USER
ADDED from src/main/AndroidManifest.xml:236:13-242:29
action#com.android.systemui.recents.action.SHOW_RECENTS_FOR_USER
ADDED from src/main/AndroidManifest.xml:237:17-100
	android:name
		ADDED from src/main/AndroidManifest.xml:237:25-97
action#com.android.systemui.recents.action.HIDE_RECENTS_FOR_USER
ADDED from src/main/AndroidManifest.xml:238:17-100
	android:name
		ADDED from src/main/AndroidManifest.xml:238:25-97
action#com.android.systemui.recents.action.TOGGLE_RECENTS_FOR_USER
ADDED from src/main/AndroidManifest.xml:239:17-102
	android:name
		ADDED from src/main/AndroidManifest.xml:239:25-99
action#com.android.systemui.recents.action.PRELOAD_RECENTS_FOR_USER
ADDED from src/main/AndroidManifest.xml:240:17-103
	android:name
		ADDED from src/main/AndroidManifest.xml:240:25-100
action#com.android.systemui.recents.action.CONFIG_CHANGED_FOR_USER
ADDED from src/main/AndroidManifest.xml:241:17-102
	android:name
		ADDED from src/main/AndroidManifest.xml:241:25-99
receiver#com.android.systemui.screenshot.GlobalScreenshot$TargetChosenReceiver
ADDED from src/main/AndroidManifest.xml:246:9-249:45
	android:process
		ADDED from src/main/AndroidManifest.xml:249:13-42
	android:exported
		ADDED from src/main/AndroidManifest.xml:248:13-37
	android:name
		ADDED from src/main/AndroidManifest.xml:247:13-77
receiver#com.android.systemui.screenshot.GlobalScreenshot$DeleteScreenshotReceiver
ADDED from src/main/AndroidManifest.xml:252:9-255:45
	android:process
		ADDED from src/main/AndroidManifest.xml:255:13-42
	android:exported
		ADDED from src/main/AndroidManifest.xml:254:13-37
	android:name
		ADDED from src/main/AndroidManifest.xml:253:13-81
activity#com.android.systemui.usb.UsbConfirmActivity
ADDED from src/main/AndroidManifest.xml:258:9-266:20
	android:theme
		ADDED from src/main/AndroidManifest.xml:264:13-63
	android:exported
		ADDED from src/main/AndroidManifest.xml:261:13-36
	android:finishOnCloseSystemDialogs
		ADDED from src/main/AndroidManifest.xml:262:13-54
	android:permission
		ADDED from src/main/AndroidManifest.xml:263:13-63
	android:excludeFromRecents
		ADDED from src/main/AndroidManifest.xml:260:13-46
	android:name
		ADDED from src/main/AndroidManifest.xml:259:13-51
activity#com.android.systemui.usb.UsbPermissionActivity
ADDED from src/main/AndroidManifest.xml:269:9-277:20
	android:theme
		ADDED from src/main/AndroidManifest.xml:275:13-63
	android:exported
		ADDED from src/main/AndroidManifest.xml:272:13-36
	android:finishOnCloseSystemDialogs
		ADDED from src/main/AndroidManifest.xml:273:13-54
	android:permission
		ADDED from src/main/AndroidManifest.xml:274:13-63
	android:excludeFromRecents
		ADDED from src/main/AndroidManifest.xml:271:13-46
	android:name
		ADDED from src/main/AndroidManifest.xml:270:13-54
activity#com.android.systemui.usb.UsbResolverActivity
ADDED from src/main/AndroidManifest.xml:280:9-288:20
	android:theme
		ADDED from src/main/AndroidManifest.xml:286:13-63
	android:exported
		ADDED from src/main/AndroidManifest.xml:283:13-36
	android:finishOnCloseSystemDialogs
		ADDED from src/main/AndroidManifest.xml:284:13-54
	android:permission
		ADDED from src/main/AndroidManifest.xml:285:13-63
	android:excludeFromRecents
		ADDED from src/main/AndroidManifest.xml:282:13-46
	android:name
		ADDED from src/main/AndroidManifest.xml:281:13-52
activity#com.android.systemui.usb.UsbAccessoryUriActivity
ADDED from src/main/AndroidManifest.xml:291:9-299:20
	android:theme
		ADDED from src/main/AndroidManifest.xml:297:13-63
	android:exported
		ADDED from src/main/AndroidManifest.xml:294:13-36
	android:finishOnCloseSystemDialogs
		ADDED from src/main/AndroidManifest.xml:295:13-54
	android:permission
		ADDED from src/main/AndroidManifest.xml:296:13-63
	android:excludeFromRecents
		ADDED from src/main/AndroidManifest.xml:293:13-46
	android:name
		ADDED from src/main/AndroidManifest.xml:292:13-56
activity#com.android.systemui.usb.UsbDebuggingActivity
ADDED from src/main/AndroidManifest.xml:302:9-309:20
	android:theme
		ADDED from src/main/AndroidManifest.xml:307:13-63
	android:finishOnCloseSystemDialogs
		ADDED from src/main/AndroidManifest.xml:305:13-54
	android:permission
		ADDED from src/main/AndroidManifest.xml:306:13-63
	android:excludeFromRecents
		ADDED from src/main/AndroidManifest.xml:304:13-46
	android:name
		ADDED from src/main/AndroidManifest.xml:303:13-53
activity#com.android.systemui.usb.UsbDebuggingSecondaryUserActivity
ADDED from src/main/AndroidManifest.xml:310:9-316:20
	android:theme
		ADDED from src/main/AndroidManifest.xml:314:13-63
	android:finishOnCloseSystemDialogs
		ADDED from src/main/AndroidManifest.xml:313:13-54
	android:excludeFromRecents
		ADDED from src/main/AndroidManifest.xml:312:13-46
	android:name
		ADDED from src/main/AndroidManifest.xml:311:13-66
activity#com.android.systemui.net.NetworkOverLimitActivity
ADDED from src/main/AndroidManifest.xml:319:9-327:78
	android:theme
		ADDED from src/main/AndroidManifest.xml:327:13-75
	android:exported
		ADDED from src/main/AndroidManifest.xml:322:13-36
	android:finishOnCloseSystemDialogs
		ADDED from src/main/AndroidManifest.xml:323:13-54
	android:permission
		ADDED from src/main/AndroidManifest.xml:325:13-74
	android:excludeFromRecents
		ADDED from src/main/AndroidManifest.xml:321:13-46
	android:taskAffinity
		ADDED from src/main/AndroidManifest.xml:326:13-60
	android:name
		ADDED from src/main/AndroidManifest.xml:320:13-57
	android:launchMode
		ADDED from src/main/AndroidManifest.xml:324:13-43
activity#com.android.systemui.media.MediaProjectionPermissionActivity
ADDED from src/main/AndroidManifest.xml:330:9-336:60
	android:theme
		ADDED from src/main/AndroidManifest.xml:336:13-57
	android:exported
		ADDED from src/main/AndroidManifest.xml:333:13-36
	android:finishOnCloseSystemDialogs
		ADDED from src/main/AndroidManifest.xml:334:13-54
	android:excludeFromRecents
		ADDED from src/main/AndroidManifest.xml:332:13-46
	android:name
		ADDED from src/main/AndroidManifest.xml:331:13-68
	android:launchMode
		ADDED from src/main/AndroidManifest.xml:335:13-43
activity#com.android.systemui.DessertCase
ADDED from src/main/AndroidManifest.xml:339:9-353:20
	android:screenOrientation
		ADDED from src/main/AndroidManifest.xml:347:13-47
	android:label
		ADDED from src/main/AndroidManifest.xml:344:13-49
	android:theme
		ADDED from src/main/AndroidManifest.xml:348:13-77
	android:hardwareAccelerated
		ADDED from src/main/AndroidManifest.xml:343:13-47
	android:process
		ADDED from src/main/AndroidManifest.xml:346:13-50
	android:exported
		ADDED from src/main/AndroidManifest.xml:342:13-36
	android:excludeFromRecents
		ADDED from src/main/AndroidManifest.xml:341:13-46
	android:name
		ADDED from src/main/AndroidManifest.xml:340:13-40
	android:launchMode
		ADDED from src/main/AndroidManifest.xml:345:13-48
intent-filter#android.intent.action.MAIN+android.intent.category.DEFAULT
ADDED from src/main/AndroidManifest.xml:349:13-352:29
action#android.intent.action.MAIN
ADDED from src/main/AndroidManifest.xml:350:17-69
	android:name
		ADDED from src/main/AndroidManifest.xml:350:25-66
activity#com.android.systemui.egg.MLandActivity
ADDED from src/main/AndroidManifest.xml:355:9-372:20
	android:screenOrientation
		ADDED from src/main/AndroidManifest.xml:364:13-47
	android:label
		ADDED from src/main/AndroidManifest.xml:361:13-42
	android:icon
		ADDED from src/main/AndroidManifest.xml:360:13-42
	android:theme
		ADDED from src/main/AndroidManifest.xml:365:13-70
	android:hardwareAccelerated
		ADDED from src/main/AndroidManifest.xml:359:13-47
	android:process
		ADDED from src/main/AndroidManifest.xml:363:13-50
	android:exported
		ADDED from src/main/AndroidManifest.xml:358:13-36
	android:excludeFromRecents
		ADDED from src/main/AndroidManifest.xml:357:13-46
	android:name
		ADDED from src/main/AndroidManifest.xml:356:13-46
	android:launchMode
		ADDED from src/main/AndroidManifest.xml:362:13-48
intent-filter#android.intent.action.MAIN+android.intent.category.DEFAULT+com.android.internal.category.PLATLOGO
ADDED from src/main/AndroidManifest.xml:366:13-371:29
category#com.android.internal.category.PLATLOGO
ADDED from src/main/AndroidManifest.xml:370:17-83
	android:name
		ADDED from src/main/AndroidManifest.xml:370:27-80
service#com.android.systemui.DessertCaseDream
ADDED from src/main/AndroidManifest.xml:375:9-386:19
	android:label
		ADDED from src/main/AndroidManifest.xml:379:13-49
	android:process
		ADDED from src/main/AndroidManifest.xml:381:13-50
	android:exported
		ADDED from src/main/AndroidManifest.xml:378:13-36
	android:enabled
		ADDED from src/main/AndroidManifest.xml:377:13-36
	android:permission
		ADDED from src/main/AndroidManifest.xml:380:13-71
	android:name
		ADDED from src/main/AndroidManifest.xml:376:13-45
intent-filter#android.intent.category.DEFAULT+android.service.dreams.DreamService
ADDED from src/main/AndroidManifest.xml:382:13-385:29
action#android.service.dreams.DreamService
ADDED from src/main/AndroidManifest.xml:383:17-78
	android:name
		ADDED from src/main/AndroidManifest.xml:383:25-75
service#com.android.systemui.keyguard.KeyguardService
ADDED from src/main/AndroidManifest.xml:388:9-391:39
	android:exported
		ADDED from src/main/AndroidManifest.xml:391:13-36
	android:enabled
		ADDED from src/main/AndroidManifest.xml:390:13-65
	android:name
		ADDED from src/main/AndroidManifest.xml:389:13-53
activity#com.android.systemui.Somnambulator
ADDED from src/main/AndroidManifest.xml:393:9-412:20
	android:label
		ADDED from src/main/AndroidManifest.xml:398:13-49
	android:icon
		ADDED from src/main/AndroidManifest.xml:397:13-54
	android:theme
		ADDED from src/main/AndroidManifest.xml:399:13-70
	android:exported
		ADDED from src/main/AndroidManifest.xml:396:13-36
	android:excludeFromRecents
		ADDED from src/main/AndroidManifest.xml:395:13-46
	android:name
		ADDED from src/main/AndroidManifest.xml:394:13-42
intent-filter#android.intent.action.MAIN+android.intent.category.DEFAULT+android.intent.category.DESK_DOCK
ADDED from src/main/AndroidManifest.xml:406:13-411:29
category#android.intent.category.DESK_DOCK
ADDED from src/main/AndroidManifest.xml:410:17-78
	android:name
		ADDED from src/main/AndroidManifest.xml:410:27-75
activity#com.android.systemui.settings.BrightnessDialog